2021-03-12 01:07:28,438 [Worker-3: Loading available Gradle versions] INFO  o.e.b.c.i.u.g.PublishedGradleVersions - Gradle version information cache is up-to-date. Trying to read.
2021-03-12 01:08:01,238 [Worker-0: Updating Maven Dependencies] INFO  o.e.m.c.i.l.LifecycleMappingFactory - Using org.eclipse.m2e.jdt.JarLifecycleMapping lifecycle mapping for MavenProject: com.edgar.eduardo:examen:0.0.1-SNAPSHOT @ C:\Users\Eduardo\Documents\workspace-spring-tool-suite-4-4.9.0.RELEASE\examen\pom.xml.
2021-03-12 01:08:01,798 [Worker-1: Building] INFO  o.e.m.c.i.l.LifecycleMappingFactory - Using org.eclipse.m2e.jdt.JarLifecycleMapping lifecycle mapping for MavenProject: com.edgar.eduardo:examen:0.0.1-SNAPSHOT @ C:\Users\Eduardo\Documents\workspace-spring-tool-suite-4-4.9.0.RELEASE\examen\pom.xml.
2021-03-12 01:08:04,711 [Worker-1: Building] INFO  o.e.m.c.i.embedder.EclipseLogger - Using 'UTF-8' encoding to copy filtered resources.
2021-03-12 01:08:04,711 [Worker-1: Building] INFO  o.e.m.c.i.embedder.EclipseLogger - Using 'UTF-8' encoding to copy filtered properties files.
2021-03-12 01:08:04,720 [Worker-1: Building] INFO  o.e.m.c.i.embedder.EclipseLogger - Copying 1 resource
2021-03-12 01:08:04,772 [Worker-1: Building] INFO  o.e.m.c.i.embedder.EclipseLogger - Copying 170 resources
2021-03-12 01:08:06,014 [Worker-1: Building] INFO  o.e.m.c.i.embedder.EclipseLogger - Using 'UTF-8' encoding to copy filtered resources.
2021-03-12 01:08:06,014 [Worker-1: Building] INFO  o.e.m.c.i.embedder.EclipseLogger - Using 'UTF-8' encoding to copy filtered properties files.
2021-03-12 01:08:06,014 [Worker-1: Building] INFO  o.e.m.c.i.embedder.EclipseLogger - skip non existing resourceDirectory C:\Users\Eduardo\Documents\workspace-spring-tool-suite-4-4.9.0.RELEASE\examen\src\test\resources
2021-03-12 01:08:08,862 [Worker-7: Building] INFO  o.e.m.c.i.embedder.EclipseLogger - Using 'UTF-8' encoding to copy filtered resources.
2021-03-12 01:08:08,862 [Worker-7: Building] INFO  o.e.m.c.i.embedder.EclipseLogger - Using 'UTF-8' encoding to copy filtered properties files.
2021-03-12 01:08:08,949 [Worker-7: Building] INFO  o.e.m.c.i.embedder.EclipseLogger - Copying 1 resource
2021-03-12 01:08:09,037 [Worker-7: Building] INFO  o.e.m.c.i.embedder.EclipseLogger - Copying 170 resources
2021-03-12 01:08:09,481 [Worker-6: Updating Maven Dependencies] INFO  o.e.m.c.i.l.LifecycleMappingFactory - Using org.eclipse.m2e.jdt.JarLifecycleMapping lifecycle mapping for MavenProject: com.edgar.eduardo:examen:0.0.1-SNAPSHOT @ C:\Users\Eduardo\Documents\workspace-spring-tool-suite-4-4.9.0.RELEASE\examen\pom.xml.
2021-03-12 01:08:10,498 [Worker-7: Building] INFO  o.e.m.c.i.embedder.EclipseLogger - Using 'UTF-8' encoding to copy filtered resources.
2021-03-12 01:08:10,498 [Worker-7: Building] INFO  o.e.m.c.i.embedder.EclipseLogger - Using 'UTF-8' encoding to copy filtered properties files.
2021-03-12 01:08:10,498 [Worker-7: Building] INFO  o.e.m.c.i.embedder.EclipseLogger - skip non existing resourceDirectory C:\Users\Eduardo\Documents\workspace-spring-tool-suite-4-4.9.0.RELEASE\examen\src\test\resources
2021-03-12 01:08:12,836 [Worker-6: Building] INFO  o.e.m.c.i.embedder.EclipseLogger - Using 'UTF-8' encoding to copy filtered resources.
2021-03-12 01:08:12,836 [Worker-6: Building] INFO  o.e.m.c.i.embedder.EclipseLogger - Using 'UTF-8' encoding to copy filtered properties files.
2021-03-12 01:08:12,881 [Worker-6: Building] INFO  o.e.m.c.i.embedder.EclipseLogger - Copying 1 resource
2021-03-12 01:08:12,960 [Worker-6: Building] INFO  o.e.m.c.i.embedder.EclipseLogger - Copying 170 resources
2021-03-12 01:08:13,139 [Worker-6: Building] INFO  o.e.m.c.i.embedder.EclipseLogger - Using 'UTF-8' encoding to copy filtered resources.
2021-03-12 01:08:13,140 [Worker-6: Building] INFO  o.e.m.c.i.embedder.EclipseLogger - Using 'UTF-8' encoding to copy filtered properties files.
2021-03-12 01:08:13,140 [Worker-6: Building] INFO  o.e.m.c.i.embedder.EclipseLogger - skip non existing resourceDirectory C:\Users\Eduardo\Documents\workspace-spring-tool-suite-4-4.9.0.RELEASE\examen\src\test\resources
2021-03-12 01:08:48,381 [Worker-3: Building] INFO  o.e.m.c.i.l.LifecycleMappingFactory - Using org.eclipse.m2e.jdt.JarLifecycleMapping lifecycle mapping for MavenProject: com.example.edgarX:prueba-jpa:0.0.1-SNAPSHOT @ C:\Users\Eduardo\Documents\workspace-spring-tool-suite-4-4.9.0.RELEASE\prueba-jpa\pom.xml.
2021-03-12 01:08:49,194 [Worker-3: Building] INFO  o.e.m.c.i.embedder.EclipseLogger - Using 'UTF-8' encoding to copy filtered resources.
2021-03-12 01:08:49,194 [Worker-3: Building] INFO  o.e.m.c.i.embedder.EclipseLogger - Using 'UTF-8' encoding to copy filtered properties files.
2021-03-12 01:08:49,195 [Worker-3: Building] INFO  o.e.m.c.i.embedder.EclipseLogger - Copying 1 resource
2021-03-12 01:08:49,201 [Worker-3: Building] INFO  o.e.m.c.i.embedder.EclipseLogger - Copying 0 resource
2021-03-12 01:08:49,203 [Worker-3: Building] INFO  o.e.m.c.i.embedder.EclipseLogger - Using 'UTF-8' encoding to copy filtered resources.
2021-03-12 01:08:49,204 [Worker-3: Building] INFO  o.e.m.c.i.embedder.EclipseLogger - Using 'UTF-8' encoding to copy filtered properties files.
2021-03-12 01:08:49,204 [Worker-3: Building] INFO  o.e.m.c.i.embedder.EclipseLogger - skip non existing resourceDirectory C:\Users\Eduardo\Documents\workspace-spring-tool-suite-4-4.9.0.RELEASE\prueba-jpa\src\test\resources
2021-03-12 01:08:50,183 [Worker-6: Updating Maven Dependencies] INFO  o.e.m.c.i.l.LifecycleMappingFactory - Using org.eclipse.m2e.jdt.JarLifecycleMapping lifecycle mapping for MavenProject: com.example.edgarX:prueba-jpa:0.0.1-SNAPSHOT @ C:\Users\Eduardo\Documents\workspace-spring-tool-suite-4-4.9.0.RELEASE\prueba-jpa\pom.xml.
2021-03-12 01:08:52,369 [Worker-0: Building] INFO  o.e.m.c.i.embedder.EclipseLogger - Using 'UTF-8' encoding to copy filtered resources.
2021-03-12 01:08:52,370 [Worker-0: Building] INFO  o.e.m.c.i.embedder.EclipseLogger - Using 'UTF-8' encoding to copy filtered properties files.
2021-03-12 01:08:52,371 [Worker-0: Building] INFO  o.e.m.c.i.embedder.EclipseLogger - Copying 1 resource
2021-03-12 01:08:52,374 [Worker-0: Building] INFO  o.e.m.c.i.embedder.EclipseLogger - Copying 0 resource
2021-03-12 01:08:52,378 [Worker-0: Building] INFO  o.e.m.c.i.embedder.EclipseLogger - Using 'UTF-8' encoding to copy filtered resources.
2021-03-12 01:08:52,378 [Worker-0: Building] INFO  o.e.m.c.i.embedder.EclipseLogger - Using 'UTF-8' encoding to copy filtered properties files.
2021-03-12 01:08:52,378 [Worker-0: Building] INFO  o.e.m.c.i.embedder.EclipseLogger - skip non existing resourceDirectory C:\Users\Eduardo\Documents\workspace-spring-tool-suite-4-4.9.0.RELEASE\prueba-jpa\src\test\resources
2021-03-12 01:09:17,422 [Worker-5: Building] INFO  o.e.m.c.i.embedder.EclipseLogger - Using 'UTF-8' encoding to copy filtered resources.
2021-03-12 01:09:17,422 [Worker-5: Building] INFO  o.e.m.c.i.embedder.EclipseLogger - Using 'UTF-8' encoding to copy filtered properties files.
2021-03-12 01:09:17,423 [Worker-5: Building] INFO  o.e.m.c.i.embedder.EclipseLogger - Copying 0 resource
2021-03-12 01:09:17,423 [Worker-5: Building] INFO  o.e.m.c.i.embedder.EclipseLogger - Copying 0 resource
2021-03-12 01:09:17,426 [Worker-5: Building] INFO  o.e.m.c.i.embedder.EclipseLogger - Using 'UTF-8' encoding to copy filtered resources.
2021-03-12 01:09:17,427 [Worker-5: Building] INFO  o.e.m.c.i.embedder.EclipseLogger - Using 'UTF-8' encoding to copy filtered properties files.
2021-03-12 01:09:17,427 [Worker-5: Building] INFO  o.e.m.c.i.embedder.EclipseLogger - skip non existing resourceDirectory C:\Users\Eduardo\Documents\workspace-spring-tool-suite-4-4.9.0.RELEASE\examen\src\test\resources
2021-03-12 01:09:17,443 [Worker-5: Building] INFO  o.e.m.c.i.embedder.EclipseLogger - Using 'UTF-8' encoding to copy filtered resources.
2021-03-12 01:09:17,443 [Worker-5: Building] INFO  o.e.m.c.i.embedder.EclipseLogger - Using 'UTF-8' encoding to copy filtered properties files.
2021-03-12 01:09:17,444 [Worker-5: Building] INFO  o.e.m.c.i.embedder.EclipseLogger - Copying 0 resource
2021-03-12 01:09:17,444 [Worker-5: Building] INFO  o.e.m.c.i.embedder.EclipseLogger - Copying 0 resource
2021-03-12 01:09:17,447 [Worker-5: Building] INFO  o.e.m.c.i.embedder.EclipseLogger - Using 'UTF-8' encoding to copy filtered resources.
2021-03-12 01:09:17,447 [Worker-5: Building] INFO  o.e.m.c.i.embedder.EclipseLogger - Using 'UTF-8' encoding to copy filtered properties files.
2021-03-12 01:09:17,447 [Worker-5: Building] INFO  o.e.m.c.i.embedder.EclipseLogger - skip non existing resourceDirectory C:\Users\Eduardo\Documents\workspace-spring-tool-suite-4-4.9.0.RELEASE\prueba-jpa\src\test\resources
2021-03-12 01:09:40,877 [Worker-4: Updating Maven Dependencies] INFO  o.e.m.c.i.l.LifecycleMappingFactory - Using org.eclipse.m2e.jdt.JarLifecycleMapping lifecycle mapping for MavenProject: com.edgar.eduardo:examen:0.0.1-SNAPSHOT @ C:\Users\Eduardo\Documents\workspace-spring-tool-suite-4-4.9.0.RELEASE\examen\pom.xml.
2021-03-12 01:09:43,030 [Worker-3: Building] INFO  o.e.m.c.i.embedder.EclipseLogger - Using 'UTF-8' encoding to copy filtered resources.
2021-03-12 01:09:43,030 [Worker-3: Building] INFO  o.e.m.c.i.embedder.EclipseLogger - Using 'UTF-8' encoding to copy filtered properties files.
2021-03-12 01:09:43,032 [Worker-3: Building] INFO  o.e.m.c.i.embedder.EclipseLogger - Copying 1 resource
2021-03-12 01:09:43,079 [Worker-3: Building] INFO  o.e.m.c.i.embedder.EclipseLogger - Copying 170 resources
2021-03-12 01:09:43,190 [Worker-3: Building] INFO  o.e.m.c.i.embedder.EclipseLogger - Using 'UTF-8' encoding to copy filtered resources.
2021-03-12 01:09:43,190 [Worker-3: Building] INFO  o.e.m.c.i.embedder.EclipseLogger - Using 'UTF-8' encoding to copy filtered properties files.
2021-03-12 01:09:43,190 [Worker-3: Building] INFO  o.e.m.c.i.embedder.EclipseLogger - skip non existing resourceDirectory C:\Users\Eduardo\Documents\workspace-spring-tool-suite-4-4.9.0.RELEASE\examen\src\test\resources
2021-03-12 01:13:14,661 [Worker-0: Loading available Gradle versions] INFO  o.e.b.c.i.u.g.PublishedGradleVersions - Gradle version information cache is up-to-date. Trying to read.
2021-03-12 01:15:42,349 [Worker-0: Building] INFO  o.e.m.c.i.l.LifecycleMappingFactory - Using org.eclipse.m2e.jdt.JarLifecycleMapping lifecycle mapping for MavenProject: com.edgar.eduardo:examen:0.0.1-SNAPSHOT @ C:\Users\Eduardo\Documents\workspace-spring-tool-suite-4-4.9.0.RELEASE\examen\pom.xml.
2021-03-12 01:15:44,646 [Worker-0: Building] INFO  o.e.m.c.i.embedder.EclipseLogger - Using 'UTF-8' encoding to copy filtered resources.
2021-03-12 01:15:44,647 [Worker-0: Building] INFO  o.e.m.c.i.embedder.EclipseLogger - Using 'UTF-8' encoding to copy filtered properties files.
2021-03-12 01:15:44,659 [Worker-0: Building] INFO  o.e.m.c.i.embedder.EclipseLogger - Copying 1 resource
2021-03-12 01:15:44,777 [Worker-0: Building] INFO  o.e.m.c.i.embedder.EclipseLogger - Copying 170 resources
2021-03-12 01:15:45,446 [Worker-0: Building] INFO  o.e.m.c.i.embedder.EclipseLogger - Using 'UTF-8' encoding to copy filtered resources.
2021-03-12 01:15:45,446 [Worker-0: Building] INFO  o.e.m.c.i.embedder.EclipseLogger - Using 'UTF-8' encoding to copy filtered properties files.
2021-03-12 01:15:45,446 [Worker-0: Building] INFO  o.e.m.c.i.embedder.EclipseLogger - skip non existing resourceDirectory C:\Users\Eduardo\Documents\workspace-spring-tool-suite-4-4.9.0.RELEASE\examen\src\test\resources
2021-03-12 01:15:46,827 [Worker-8: Updating Maven Dependencies] INFO  o.e.m.c.i.l.LifecycleMappingFactory - Using org.eclipse.m2e.jdt.JarLifecycleMapping lifecycle mapping for MavenProject: com.edgar.eduardo:examen:0.0.1-SNAPSHOT @ C:\Users\Eduardo\Documents\workspace-spring-tool-suite-4-4.9.0.RELEASE\examen\pom.xml.
